# JRE version: Java(TM) SE Runtime Environment (8.0_60-b27) (build 1.8.0_60-b27)
# Java VM: Java HotSpot(TM) Client VM (25.60-b23 mixed mode windows-x86 )
Heap:
 def new generation   total 314560K, used 279616K [0x04000000, 0x19550000, 0x19550000)
  eden space 279616K, 100% used [0x04000000, 0x15110000, 0x15110000)
  from space 34944K,   0% used [0x15110000, 0x15110000, 0x17330000)
  to   space 34944K,  99% used [0x17330000, 0x1954fff8, 0x19550000)
 tenured generation   total 699072K, used 641645K [0x19550000, 0x44000000, 0x44000000)
   the space 699072K,  91% used [0x19550000, 0x407eb428, 0x407eb600, 0x44000000)
 Metaspace       used 3479K, capacity 3526K, committed 3648K, reserved 4480K
GC Heap History (10 events):
Event: 20.117 GC heap after
Heap after GC invocations=87 (full 7):
 def new generation   total 213248K, used 23679K [0x04000000, 0x12760000, 0x19550000)
  eden space 189568K,   0% used [0x04000000, 0x04000000, 0x0f920000)
  from space 23680K,  99% used [0x0f920000, 0x1103fff8, 0x11040000)
  to   space 23680K,   0% used [0x11040000, 0x11040000, 0x12760000)
 tenured generation   total 473728K, used 408866K [0x19550000, 0x363f0000, 0x44000000)
   the space 473728K,  86% used [0x19550000, 0x32498a38, 0x32498c00, 0x363f0000)
 Metaspace       used 3479K, capacity 3526K, committed 3648K, reserved 4480K
}
Event: 23.846 GC heap before
{Heap before GC invocations=87 (full 7):
 def new generation   total 213248K, used 213247K [0x04000000, 0x12760000, 0x19550000)
  eden space 189568K, 100% used [0x04000000, 0x0f920000, 0x0f920000)
  from space 23680K,  99% used [0x0f920000, 0x1103fff8, 0x11040000)
  to   space 23680K,   0% used [0x11040000, 0x11040000, 0x12760000)
 tenured generation   total 473728K, used 408866K [0x19550000, 0x363f0000, 0x44000000)
   the space 473728K,  86% used [0x19550000, 0x32498a38, 0x32498c00, 0x363f0000)
 Metaspace       used 3479K, capacity 3526K, committed 3648K, reserved 4480K
Event: 24.067 GC heap after
Heap after GC invocations=88 (full 7):
 def new generation   total 213248K, used 23679K [0x04000000, 0x12760000, 0x19550000)
  eden space 189568K,   0% used [0x04000000, 0x04000000, 0x0f920000)
  from space 23680K,  99% used [0x11040000, 0x1275fff8, 0x12760000)
  to   space 23680K,   0% used [0x0f920000, 0x0f920000, 0x11040000)
 tenured generation   total 473728K, used 457631K [0x19550000, 0x363f0000, 0x44000000)
   the space 473728K,  96% used [0x19550000, 0x35437ee8, 0x35438000, 0x363f0000)
 Metaspace       used 3479K, capacity 3526K, committed 3648K, reserved 4480K
}
Event: 24.162 GC heap before
{Heap before GC invocations=88 (full 7):
 def new generation   total 213248K, used 213247K [0x04000000, 0x12760000, 0x19550000)
  eden space 189568K, 100% used [0x04000000, 0x0f920000, 0x0f920000)
  from space 23680K,  99% used [0x11040000, 0x1275fff8, 0x12760000)
  to   space 23680K,   0% used [0x0f920000, 0x0f920000, 0x11040000)
 tenured generation   total 473728K, used 457631K [0x19550000, 0x363f0000, 0x44000000)
   the space 473728K,  96% used [0x19550000, 0x35437ee8, 0x35438000, 0x363f0000)
 Metaspace       used 3479K, capacity 3526K, committed 3648K, reserved 4480K
Event: 26.949 GC heap after
Heap after GC invocations=89 (full 8):
 def new generation   total 314560K, used 0K [0x04000000, 0x19550000, 0x19550000)
  eden space 279616K,   0% used [0x04000000, 0x04000000, 0x15110000)
  from space 34944K,   0% used [0x15110000, 0x15110000, 0x17330000)
  to   space 34944K,   0% used [0x17330000, 0x17330000, 0x19550000)
 tenured generation   total 699072K, used 547754K [0x19550000, 0x44000000, 0x44000000)
   the space 699072K,  78% used [0x19550000, 0x3ac3aa10, 0x3ac3ac00, 0x44000000)
 Metaspace       used 3479K, capacity 3526K, committed 3648K, reserved 4480K
}
Event: 30.618 GC heap before
{Heap before GC invocations=89 (full 8):
 def new generation   total 314560K, used 279616K [0x04000000, 0x19550000, 0x19550000)
  eden space 279616K, 100% used [0x04000000, 0x15110000, 0x15110000)
  from space 34944K,   0% used [0x15110000, 0x15110000, 0x17330000)
  to   space 34944K,   0% used [0x17330000, 0x17330000, 0x19550000)
 tenured generation   total 699072K, used 547754K [0x19550000, 0x44000000, 0x44000000)
   the space 699072K,  78% used [0x19550000, 0x3ac3aa10, 0x3ac3ac00, 0x44000000)
 Metaspace       used 3479K, capacity 3526K, committed 3648K, reserved 4480K
Event: 30.820 GC heap after
Heap after GC invocations=90 (full 8):
 def new generation   total 314560K, used 34943K [0x04000000, 0x19550000, 0x19550000)
  eden space 279616K,   0% used [0x04000000, 0x04000000, 0x15110000)
  from space 34944K,  99% used [0x17330000, 0x1954fff8, 0x19550000)
  to   space 34944K,   0% used [0x15110000, 0x15110000, 0x17330000)
 tenured generation   total 699072K, used 582671K [0x19550000, 0x44000000, 0x44000000)
   the space 699072K,  83% used [0x19550000, 0x3ce53df8, 0x3ce53e00, 0x44000000)
 Metaspace       used 3479K, capacity 3526K, committed 3648K, reserved 4480K
}
Event: 31.211 GC heap before
{Heap before GC invocations=90 (full 8):
 def new generation   total 314560K, used 314559K [0x04000000, 0x19550000, 0x19550000)
  eden space 279616K, 100% used [0x04000000, 0x15110000, 0x15110000)
  from space 34944K,  99% used [0x17330000, 0x1954fff8, 0x19550000)
  to   space 34944K,   0% used [0x15110000, 0x15110000, 0x17330000)
 tenured generation   total 699072K, used 582671K [0x19550000, 0x44000000, 0x44000000)
   the space 699072K,  83% used [0x19550000, 0x3ce53df8, 0x3ce53e00, 0x44000000)
 Metaspace       used 3479K, capacity 3526K, committed 3648K, reserved 4480K
Event: 33.882 GC heap after
Heap after GC invocations=91 (full 9):
 def new generation   total 314560K, used 0K [0x04000000, 0x19550000, 0x19550000)
  eden space 279616K,   0% used [0x04000000, 0x04000000, 0x15110000)
  from space 34944K,   0% used [0x15110000, 0x15110000, 0x17330000)
  to   space 34944K,   0% used [0x17330000, 0x17330000, 0x19550000)
 tenured generation   total 699072K, used 585051K [0x19550000, 0x44000000, 0x44000000)
   the space 699072K,  83% used [0x19550000, 0x3d0a6e68, 0x3d0a7000, 0x44000000)
 Metaspace       used 3479K, capacity 3526K, committed 3648K, reserved 4480K
}
Event: 36.229 GC heap before
{Heap before GC invocations=91 (full 9):
 def new generation   total 314560K, used 279616K [0x04000000, 0x19550000, 0x19550000)
  eden space 279616K, 100% used [0x04000000, 0x15110000, 0x15110000)
  from space 34944K,   0% used [0x15110000, 0x15110000, 0x17330000)
  to   space 34944K,   0% used [0x17330000, 0x17330000, 0x19550000)
 tenured generation   total 699072K, used 585051K [0x19550000, 0x44000000, 0x44000000)
   the space 699072K,  83% used [0x19550000, 0x3d0a6e68, 0x3d0a7000, 0x44000000)
 Metaspace       used 3479K, capacity 3526K, committed 3648K, reserved 4480K

